<?xml version="1.0" encoding="UTF-8"?>
<!-- Generated by org.testng.reporters.JUnitReportReporter -->
<testsuite hostname="DESKTOP-RIVO21Q" failures="0" tests="4" name="SwagLab_Login_test.HomePage_test" time="7.284" errors="0" timestamp="2023-01-13T10:15:48 IST" skipped="3">
  <testcase classname="SwagLab_Login_test.HomePage_test" name="verify_dropdown_LowtoHigh" time="7.284"/>
  <system-out/>
  <testcase classname="SwagLab_Login_test.HomePage_test" name="Verify_selected_Item">
    <skipped/>
  </testcase> <!-- Verify_selected_Item -->
  <system-out/>
  <testcase classname="SwagLab_Login_test.HomePage_test" name="Verify_AddtoCart_Text_Change">
    <skipped/>
  </testcase> <!-- Verify_AddtoCart_Text_Change -->
  <system-out/>
  <testcase classname="SwagLab_Login_test.HomePage_test" name="Verify_Logo">
    <skipped/>
  </testcase> <!-- Verify_Logo -->
  <system-out/>
</testsuite> <!-- SwagLab_Login_test.HomePage_test -->
