<?xml version="1.0" encoding="UTF-8"?>
<!-- Generated by org.testng.reporters.JUnitReportReporter -->
<testsuite hostname="DESKTOP-RIVO21Q" failures="0" tests="2" name="SwagLab_Login_test.HomePage_test" time="3.545" errors="0" timestamp="2023-01-12T22:08:12 IST" skipped="0">
  <testcase classname="SwagLab_Login_test.HomePage_test" name="Verify_Logo" time="1.078"/>
  <system-out/>
  <testcase classname="SwagLab_Login_test.HomePage_test" name="Verify_AddtoCart_Text_Change" time="2.467"/>
  <system-out/>
</testsuite> <!-- SwagLab_Login_test.HomePage_test -->
