<?xml version="1.0" encoding="UTF-8"?>
<!-- Generated by org.testng.reporters.JUnitReportReporter -->
<testsuite hostname="DESKTOP-RIVO21Q" failures="0" tests="1" name="SwagLab_Login_test.Login_Test" time="2.797" errors="0" timestamp="2023-01-12T22:08:12 IST" skipped="0">
  <testcase classname="SwagLab_Login_test.Login_Test" name="Verify_Login_Using_Valid_Cred" time="2.797"/>
  <system-out>
    <![CDATA[https://www.saucedemo.com/inventory.html]]>
  </system-out>
</testsuite> <!-- SwagLab_Login_test.Login_Test -->
